<?xml version="1.0" encoding="UTF-8"?>
<!-- Generated by org.testng.reporters.JUnitReportReporter -->
<testsuite skipped="0" hostname="GeRinggg-Msi" name="com.TugasEmpat.AppTest" tests="1" failures="0" timestamp="13 May 2022 17:23:46 GMT" time="12.562" errors="0">
  <testcase name="GetMailText" time="12.562" classname="com.TugasEmpat.AppTest"/>
</testsuite> <!-- com.TugasEmpat.AppTest -->
