<?xml version="1.0" encoding="UTF-8"?>
<!-- Generated by org.testng.reporters.JUnitReportReporter -->
<testsuite skipped="0" hostname="Jardom" name="qaautomation.march2022.AppTestAfterPOM" tests="4" failures="0" timestamp="2022-04-08T16:03:40 ICT" time="57.562" errors="0">
  <testcase name="LoginToWebWithoutClickLoginButton" time="13.094" classname="qaautomation.march2022.AppTestAfterPOM"/>
  <system-out/>
  <testcase name="LoginToWebInvalidUsername" time="15.342" classname="qaautomation.march2022.AppTestAfterPOM"/>
  <system-out/>
  <testcase name="LoginToWebInvalidPassword" time="15.377" classname="qaautomation.march2022.AppTestAfterPOM"/>
  <system-out/>
  <testcase name="LoginToWebAndSuccess" time="13.749" classname="qaautomation.march2022.AppTestAfterPOM"/>
  <system-out/>
</testsuite> <!-- qaautomation.march2022.AppTestAfterPOM -->
