<?xml version="1.0" encoding="UTF-8"?>
<!-- Generated by org.testng.reporters.JUnitReportReporter -->
<testsuite skipped="0" hostname="GeRinggg-Msi" name="com.TugasLima.TugasLima" tests="2" failures="0" timestamp="13 May 2022 16:18:33 GMT" time="11.975" errors="0">
  <testcase name="Register" time="10.114" classname="com.TugasLima.TugasLima"/>
  <testcase name="RegisterKolakFaker" time="1.861" classname="com.TugasLima.TugasLima"/>
</testsuite> <!-- com.TugasLima.TugasLima -->
