<?xml version="1.0" encoding="UTF-8"?>
<!-- Generated by org.testng.reporters.JUnitReportReporter -->
<testsuite skipped="0" hostname="Jardom" name="qaautomation.march2022.APITest" tests="1" failures="0" timestamp="2022-04-09T10:50:10 ICT" time="3.288" errors="0">
  <testcase name="testLoginAPI" time="3.288" classname="qaautomation.march2022.APITest"/>
  <system-out/>
</testsuite> <!-- qaautomation.march2022.APITest -->
