<?xml version="1.0" encoding="UTF-8"?>
<!-- Generated by org.testng.reporters.JUnitReportReporter -->
<testsuite skipped="0" hostname="Jardom" name="qaautomation.march2022.AppTest" tests="1" failures="0" timestamp="2022-04-02T11:03:23 ICT" time="11.867" errors="0">
  <testcase name="test" time="11.867" classname="qaautomation.march2022.AppTest"/>
  <system-out/>
</testsuite> <!-- qaautomation.march2022.AppTest -->
