<?xml version="1.0" encoding="UTF-8"?>
<!-- Generated by org.testng.reporters.JUnitReportReporter -->
<testsuite skipped="0" hostname="Jardom" name="qaautomation.march2022.AppTestAfterRefactor" tests="3" failures="0" timestamp="2022-04-08T16:03:40 ICT" time="43.883" errors="0">
  <testcase name="test2" time="13.617" classname="qaautomation.march2022.AppTestAfterRefactor"/>
  <system-out/>
  <testcase name="test" time="15.798" classname="qaautomation.march2022.AppTestAfterRefactor"/>
  <system-out/>
  <testcase name="test3" time="14.468" classname="qaautomation.march2022.AppTestAfterRefactor"/>
  <system-out/>
</testsuite> <!-- qaautomation.march2022.AppTestAfterRefactor -->
