<?xml version="1.0" encoding="UTF-8"?>
<!-- Generated by org.testng.reporters.JUnitReportReporter -->
<testsuite skipped="0" hostname="Jardom" name="qaautomation.march2022.CommonPageTest" tests="2" failures="0" timestamp="2022-04-12T01:20:19 ICT" time="35.391" errors="0">
  <testcase name="testScroll" time="20.332" classname="qaautomation.march2022.CommonPageTest"/>
  <system-out/>
  <testcase name="testSwiching" time="15.059" classname="qaautomation.march2022.CommonPageTest"/>
  <system-out/>
</testsuite> <!-- qaautomation.march2022.CommonPageTest -->
