<?xml version="1.0" encoding="UTF-8"?>
<!-- Generated by org.testng.reporters.JUnitReportReporter -->
<testsuite skipped="0" hostname="Jardom" name="qaautomation.march2022.AppTestTugasTiga" tests="1" failures="0" timestamp="2022-04-12T02:24:53 ICT" time="12.816" errors="0">
  <testcase name="inputEmail" time="12.816" classname="qaautomation.march2022.AppTestTugasTiga"/>
  <system-out/>
</testsuite> <!-- qaautomation.march2022.AppTestTugasTiga -->
