<?xml version="1.0" encoding="UTF-8"?>
<!-- Generated by org.testng.reporters.JUnitReportReporter -->
<testsuite skipped="0" hostname="GeRinggg-Msi" name="com.TugasTiga.AppTestAfterPageFactory" tests="4" failures="0" timestamp="13 May 2022 15:59:45 GMT" time="46.499" errors="0">
  <testcase name="loginToWebNotClickingLoginButton" time="20.690" classname="com.TugasTiga.AppTestAfterPageFactory"/>
  <testcase name="loginInvalidPassword" time="8.785" classname="com.TugasTiga.AppTestAfterPageFactory"/>
  <testcase name="loginInvalidUsername" time="9.951" classname="com.TugasTiga.AppTestAfterPageFactory"/>
  <testcase name="loginToWebAndSuccess" time="7.073" classname="com.TugasTiga.AppTestAfterPageFactory"/>
</testsuite> <!-- com.TugasTiga.AppTestAfterPageFactory -->
