<?xml version="1.0" encoding="UTF-8"?>
<!-- Generated by org.testng.reporters.JUnitReportReporter -->
<testsuite skipped="0" hostname="Jardom" name="qaautomation.march2022.AppTestAfterPageFactory" tests="4" failures="0" timestamp="2022-04-08T16:03:40 ICT" time="47.502" errors="0">
  <testcase name="LoginToWebInvalidPassword" time="13.629" classname="qaautomation.march2022.AppTestAfterPageFactory"/>
  <system-out/>
  <testcase name="LoginToWebInvalidUsername" time="10.530" classname="qaautomation.march2022.AppTestAfterPageFactory"/>
  <system-out/>
  <testcase name="LoginToWebAndSuccess" time="10.569" classname="qaautomation.march2022.AppTestAfterPageFactory"/>
  <system-out/>
  <testcase name="LoginToWebWithoutClickLoginButton" time="12.774" classname="qaautomation.march2022.AppTestAfterPageFactory"/>
  <system-out/>
</testsuite> <!-- qaautomation.march2022.AppTestAfterPageFactory -->
